<?xml version="1.0" encoding="UTF-8"?>
<testsuite xmlns:xsi="http://www.w3.org/2001/XMLSchema-instance" xsi:noNamespaceSchemaLocation="https://maven.apache.org/surefire/maven-surefire-plugin/xsd/surefire-test-report-3.0.xsd" version="3.0" name="com.formadoresit.camel.MySpringBootApplicationTest" time="19.362" tests="1" errors="0" skipped="0" failures="1">
  <properties>
    <property name="java.specification.version" value="17"/>
    <property name="sun.jnu.encoding" value="UTF-8"/>
    <property name="java.class.path" value="/home/luis/Development/Apache Camel/FormadoresIT/spring-boot-camel-jpa/target/test-classes:/home/luis/Development/Apache Camel/FormadoresIT/spring-boot-camel-jpa/target/classes:/home/luis/.m2/repository/org/springframework/boot/spring-boot-starter-web/3.3.3/spring-boot-starter-web-3.3.3.jar:/home/luis/.m2/repository/org/springframework/boot/spring-boot-starter/3.3.3/spring-boot-starter-3.3.3.jar:/home/luis/.m2/repository/org/springframework/boot/spring-boot/3.3.3/spring-boot-3.3.3.jar:/home/luis/.m2/repository/org/springframework/boot/spring-boot-autoconfigure/3.3.3/spring-boot-autoconfigure-3.3.3.jar:/home/luis/.m2/repository/org/springframework/boot/spring-boot-starter-logging/3.3.3/spring-boot-starter-logging-3.3.3.jar:/home/luis/.m2/repository/ch/qos/logback/logback-classic/1.5.7/logback-classic-1.5.7.jar:/home/luis/.m2/repository/ch/qos/logback/logback-core/1.5.7/logback-core-1.5.7.jar:/home/luis/.m2/repository/org/apache/logging/log4j/log4j-to-slf4j/2.23.1/log4j-to-slf4j-2.23.1.jar:/home/luis/.m2/repository/org/apache/logging/log4j/log4j-api/2.23.1/log4j-api-2.23.1.jar:/home/luis/.m2/repository/org/slf4j/jul-to-slf4j/2.0.16/jul-to-slf4j-2.0.16.jar:/home/luis/.m2/repository/jakarta/annotation/jakarta.annotation-api/2.1.1/jakarta.annotation-api-2.1.1.jar:/home/luis/.m2/repository/org/yaml/snakeyaml/2.2/snakeyaml-2.2.jar:/home/luis/.m2/repository/org/springframework/boot/spring-boot-starter-json/3.3.3/spring-boot-starter-json-3.3.3.jar:/home/luis/.m2/repository/com/fasterxml/jackson/core/jackson-databind/2.17.2/jackson-databind-2.17.2.jar:/home/luis/.m2/repository/com/fasterxml/jackson/core/jackson-annotations/2.17.2/jackson-annotations-2.17.2.jar:/home/luis/.m2/repository/com/fasterxml/jackson/core/jackson-core/2.17.2/jackson-core-2.17.2.jar:/home/luis/.m2/repository/com/fasterxml/jackson/datatype/jackson-datatype-jdk8/2.17.2/jackson-datatype-jdk8-2.17.2.jar:/home/luis/.m2/repository/com/fasterxml/jackson/datatype/jackson-datatype-jsr310/2.17.2/jackson-datatype-jsr310-2.17.2.jar:/home/luis/.m2/repository/com/fasterxml/jackson/module/jackson-module-parameter-names/2.17.2/jackson-module-parameter-names-2.17.2.jar:/home/luis/.m2/repository/org/springframework/spring-web/6.1.12/spring-web-6.1.12.jar:/home/luis/.m2/repository/org/springframework/spring-beans/6.1.12/spring-beans-6.1.12.jar:/home/luis/.m2/repository/org/springframework/spring-webmvc/6.1.12/spring-webmvc-6.1.12.jar:/home/luis/.m2/repository/org/springframework/spring-aop/6.1.12/spring-aop-6.1.12.jar:/home/luis/.m2/repository/org/springframework/spring-context/6.1.12/spring-context-6.1.12.jar:/home/luis/.m2/repository/org/springframework/spring-expression/6.1.12/spring-expression-6.1.12.jar:/home/luis/.m2/repository/org/springframework/boot/spring-boot-starter-undertow/3.3.3/spring-boot-starter-undertow-3.3.3.jar:/home/luis/.m2/repository/io/undertow/undertow-core/2.3.13.Final/undertow-core-2.3.13.Final.jar:/home/luis/.m2/repository/org/jboss/logging/jboss-logging/3.5.3.Final/jboss-logging-3.5.3.Final.jar:/home/luis/.m2/repository/org/jboss/xnio/xnio-api/3.8.8.Final/xnio-api-3.8.8.Final.jar:/home/luis/.m2/repository/org/wildfly/common/wildfly-common/1.5.4.Final/wildfly-common-1.5.4.Final.jar:/home/luis/.m2/repository/org/wildfly/client/wildfly-client-config/1.0.1.Final/wildfly-client-config-1.0.1.Final.jar:/home/luis/.m2/repository/org/jboss/xnio/xnio-nio/3.8.8.Final/xnio-nio-3.8.8.Final.jar:/home/luis/.m2/repository/org/jboss/threads/jboss-threads/3.5.0.Final/jboss-threads-3.5.0.Final.jar:/home/luis/.m2/repository/io/undertow/undertow-servlet/2.3.13.Final/undertow-servlet-2.3.13.Final.jar:/home/luis/.m2/repository/jakarta/servlet/jakarta.servlet-api/6.0.0/jakarta.servlet-api-6.0.0.jar:/home/luis/.m2/repository/io/undertow/undertow-websockets-jsr/2.3.13.Final/undertow-websockets-jsr-2.3.13.Final.jar:/home/luis/.m2/repository/jakarta/websocket/jakarta.websocket-api/2.1.1/jakarta.websocket-api-2.1.1.jar:/home/luis/.m2/repository/jakarta/websocket/jakarta.websocket-client-api/2.1.1/jakarta.websocket-client-api-2.1.1.jar:/home/luis/.m2/repository/org/apache/tomcat/embed/tomcat-embed-el/10.1.28/tomcat-embed-el-10.1.28.jar:/home/luis/.m2/repository/org/springframework/boot/spring-boot-starter-actuator/3.3.3/spring-boot-starter-actuator-3.3.3.jar:/home/luis/.m2/repository/org/springframework/boot/spring-boot-actuator-autoconfigure/3.3.3/spring-boot-actuator-autoconfigure-3.3.3.jar:/home/luis/.m2/repository/org/springframework/boot/spring-boot-actuator/3.3.3/spring-boot-actuator-3.3.3.jar:/home/luis/.m2/repository/io/micrometer/micrometer-observation/1.13.3/micrometer-observation-1.13.3.jar:/home/luis/.m2/repository/io/micrometer/micrometer-commons/1.13.3/micrometer-commons-1.13.3.jar:/home/luis/.m2/repository/io/micrometer/micrometer-jakarta9/1.13.3/micrometer-jakarta9-1.13.3.jar:/home/luis/.m2/repository/io/micrometer/micrometer-core/1.13.3/micrometer-core-1.13.3.jar:/home/luis/.m2/repository/org/hdrhistogram/HdrHistogram/2.2.2/HdrHistogram-2.2.2.jar:/home/luis/.m2/repository/org/latencyutils/LatencyUtils/2.0.3/LatencyUtils-2.0.3.jar:/home/luis/.m2/repository/org/apache/camel/springboot/camel-spring-boot-starter/4.8.0/camel-spring-boot-starter-4.8.0.jar:/home/luis/.m2/repository/org/apache/camel/springboot/camel-spring-boot/4.8.0/camel-spring-boot-4.8.0.jar:/home/luis/.m2/repository/org/apache/camel/camel-spring/4.8.0/camel-spring-4.8.0.jar:/home/luis/.m2/repository/org/apache/camel/camel-management-api/4.8.0/camel-management-api-4.8.0.jar:/home/luis/.m2/repository/org/apache/camel/camel-spring-main/4.8.0/camel-spring-main-4.8.0.jar:/home/luis/.m2/repository/org/apache/camel/camel-main/4.8.0/camel-main-4.8.0.jar:/home/luis/.m2/repository/org/apache/camel/camel-base/4.8.0/camel-base-4.8.0.jar:/home/luis/.m2/repository/org/apache/camel/camel-util-json/4.8.0/camel-util-json-4.8.0.jar:/home/luis/.m2/repository/org/apache/camel/camel-cloud/4.8.0/camel-cloud-4.8.0.jar:/home/luis/.m2/repository/org/apache/camel/camel-core-model/4.8.0/camel-core-model-4.8.0.jar:/home/luis/.m2/repository/org/apache/camel/camel-core-processor/4.8.0/camel-core-processor-4.8.0.jar:/home/luis/.m2/repository/org/apache/camel/camel-cluster/4.8.0/camel-cluster-4.8.0.jar:/home/luis/.m2/repository/org/apache/camel/camel-base-engine/4.8.0/camel-base-engine-4.8.0.jar:/home/luis/.m2/repository/org/apache/camel/camel-health/4.8.0/camel-health-4.8.0.jar:/home/luis/.m2/repository/org/apache/camel/springboot/camel-core-starter/4.8.0/camel-core-starter-4.8.0.jar:/home/luis/.m2/repository/org/apache/camel/camel-core-engine/4.8.0/camel-core-engine-4.8.0.jar:/home/luis/.m2/repository/org/apache/camel/camel-api/4.8.0/camel-api-4.8.0.jar:/home/luis/.m2/repository/org/apache/camel/camel-core-reifier/4.8.0/camel-core-reifier-4.8.0.jar:/home/luis/.m2/repository/org/apache/camel/camel-util/4.8.0/camel-util-4.8.0.jar:/home/luis/.m2/repository/org/apache/camel/springboot/camel-bean-starter/4.8.0/camel-bean-starter-4.8.0.jar:/home/luis/.m2/repository/org/apache/camel/camel-bean/4.8.0/camel-bean-4.8.0.jar:/home/luis/.m2/repository/org/apache/camel/springboot/camel-browse-starter/4.8.0/camel-browse-starter-4.8.0.jar:/home/luis/.m2/repository/org/apache/camel/camel-browse/4.8.0/camel-browse-4.8.0.jar:/home/luis/.m2/repository/org/apache/camel/springboot/camel-controlbus-starter/4.8.0/camel-controlbus-starter-4.8.0.jar:/home/luis/.m2/repository/org/apache/camel/camel-controlbus/4.8.0/camel-controlbus-4.8.0.jar:/home/luis/.m2/repository/org/apache/camel/springboot/camel-dataformat-starter/4.8.0/camel-dataformat-starter-4.8.0.jar:/home/luis/.m2/repository/org/apache/camel/camel-dataformat/4.8.0/camel-dataformat-4.8.0.jar:/home/luis/.m2/repository/org/apache/camel/springboot/camel-dataset-starter/4.8.0/camel-dataset-starter-4.8.0.jar:/home/luis/.m2/repository/org/apache/camel/camel-dataset/4.8.0/camel-dataset-4.8.0.jar:/home/luis/.m2/repository/org/apache/camel/springboot/camel-direct-starter/4.8.0/camel-direct-starter-4.8.0.jar:/home/luis/.m2/repository/org/apache/camel/camel-direct/4.8.0/camel-direct-4.8.0.jar:/home/luis/.m2/repository/org/apache/camel/springboot/camel-file-starter/4.8.0/camel-file-starter-4.8.0.jar:/home/luis/.m2/repository/org/apache/camel/camel-file/4.8.0/camel-file-4.8.0.jar:/home/luis/.m2/repository/commons-codec/commons-codec/1.16.1/commons-codec-1.16.1.jar:/home/luis/.m2/repository/org/apache/camel/springboot/camel-language-starter/4.8.0/camel-language-starter-4.8.0.jar:/home/luis/.m2/repository/org/apache/camel/camel-language/4.8.0/camel-language-4.8.0.jar:/home/luis/.m2/repository/org/apache/camel/springboot/camel-log-starter/4.8.0/camel-log-starter-4.8.0.jar:/home/luis/.m2/repository/org/apache/camel/camel-log/4.8.0/camel-log-4.8.0.jar:/home/luis/.m2/repository/org/apache/camel/springboot/camel-mock-starter/4.8.0/camel-mock-starter-4.8.0.jar:/home/luis/.m2/repository/org/apache/camel/camel-mock/4.8.0/camel-mock-4.8.0.jar:/home/luis/.m2/repository/org/apache/camel/springboot/camel-ref-starter/4.8.0/camel-ref-starter-4.8.0.jar:/home/luis/.m2/repository/org/apache/camel/camel-ref/4.8.0/camel-ref-4.8.0.jar:/home/luis/.m2/repository/org/apache/camel/springboot/camel-rest-starter/4.8.0/camel-rest-starter-4.8.0.jar:/home/luis/.m2/repository/org/apache/camel/camel-rest/4.8.0/camel-rest-4.8.0.jar:/home/luis/.m2/repository/org/apache/camel/camel-tooling-model/4.8.0/camel-tooling-model-4.8.0.jar:/home/luis/.m2/repository/org/apache/camel/springboot/camel-saga-starter/4.8.0/camel-saga-starter-4.8.0.jar:/home/luis/.m2/repository/org/apache/camel/camel-saga/4.8.0/camel-saga-4.8.0.jar:/home/luis/.m2/repository/org/apache/camel/springboot/camel-scheduler-starter/4.8.0/camel-scheduler-starter-4.8.0.jar:/home/luis/.m2/repository/org/apache/camel/camel-scheduler/4.8.0/camel-scheduler-4.8.0.jar:/home/luis/.m2/repository/org/apache/camel/springboot/camel-seda-starter/4.8.0/camel-seda-starter-4.8.0.jar:/home/luis/.m2/repository/org/apache/camel/camel-seda/4.8.0/camel-seda-4.8.0.jar:/home/luis/.m2/repository/org/apache/camel/springboot/camel-stub-starter/4.8.0/camel-stub-starter-4.8.0.jar:/home/luis/.m2/repository/org/apache/camel/camel-stub/4.8.0/camel-stub-4.8.0.jar:/home/luis/.m2/repository/org/apache/camel/springboot/camel-timer-starter/4.8.0/camel-timer-starter-4.8.0.jar:/home/luis/.m2/repository/org/apache/camel/camel-timer/4.8.0/camel-timer-4.8.0.jar:/home/luis/.m2/repository/org/apache/camel/springboot/camel-validator-starter/4.8.0/camel-validator-starter-4.8.0.jar:/home/luis/.m2/repository/org/apache/camel/camel-validator/4.8.0/camel-validator-4.8.0.jar:/home/luis/.m2/repository/org/apache/camel/springboot/camel-xpath-starter/4.8.0/camel-xpath-starter-4.8.0.jar:/home/luis/.m2/repository/org/apache/camel/camel-xpath/4.8.0/camel-xpath-4.8.0.jar:/home/luis/.m2/repository/org/apache/camel/springboot/camel-xslt-starter/4.8.0/camel-xslt-starter-4.8.0.jar:/home/luis/.m2/repository/org/apache/camel/camel-xslt/4.8.0/camel-xslt-4.8.0.jar:/home/luis/.m2/repository/org/apache/camel/springboot/camel-xml-jaxp-starter/4.8.0/camel-xml-jaxp-starter-4.8.0.jar:/home/luis/.m2/repository/org/apache/camel/camel-xml-jaxp/4.8.0/camel-xml-jaxp-4.8.0.jar:/home/luis/.m2/repository/org/apache/camel/camel-xml-jaxp-util/4.8.0/camel-xml-jaxp-util-4.8.0.jar:/home/luis/.m2/repository/org/apache/camel/camel-xml-io-util/4.8.0/camel-xml-io-util-4.8.0.jar:/home/luis/.m2/repository/org/apache/camel/springboot/camel-stream-starter/4.8.0/camel-stream-starter-4.8.0.jar:/home/luis/.m2/repository/org/apache/camel/camel-stream/4.8.0/camel-stream-4.8.0.jar:/home/luis/.m2/repository/org/apache/camel/camel-support/4.8.0/camel-support-4.8.0.jar:/home/luis/.m2/repository/org/springframework/boot/spring-boot-starter-data-jpa/3.3.3/spring-boot-starter-data-jpa-3.3.3.jar:/home/luis/.m2/repository/org/springframework/boot/spring-boot-starter-aop/3.3.3/spring-boot-starter-aop-3.3.3.jar:/home/luis/.m2/repository/org/aspectj/aspectjweaver/1.9.22.1/aspectjweaver-1.9.22.1.jar:/home/luis/.m2/repository/org/springframework/boot/spring-boot-starter-jdbc/3.3.3/spring-boot-starter-jdbc-3.3.3.jar:/home/luis/.m2/repository/com/zaxxer/HikariCP/5.1.0/HikariCP-5.1.0.jar:/home/luis/.m2/repository/org/springframework/spring-jdbc/6.1.12/spring-jdbc-6.1.12.jar:/home/luis/.m2/repository/org/hibernate/orm/hibernate-core/6.5.2.Final/hibernate-core-6.5.2.Final.jar:/home/luis/.m2/repository/jakarta/persistence/jakarta.persistence-api/3.1.0/jakarta.persistence-api-3.1.0.jar:/home/luis/.m2/repository/jakarta/transaction/jakarta.transaction-api/2.0.1/jakarta.transaction-api-2.0.1.jar:/home/luis/.m2/repository/org/hibernate/common/hibernate-commons-annotations/6.0.6.Final/hibernate-commons-annotations-6.0.6.Final.jar:/home/luis/.m2/repository/io/smallrye/jandex/3.1.2/jandex-3.1.2.jar:/home/luis/.m2/repository/com/fasterxml/classmate/1.7.0/classmate-1.7.0.jar:/home/luis/.m2/repository/net/bytebuddy/byte-buddy/1.14.19/byte-buddy-1.14.19.jar:/home/luis/.m2/repository/org/glassfish/jaxb/jaxb-runtime/4.0.5/jaxb-runtime-4.0.5.jar:/home/luis/.m2/repository/org/glassfish/jaxb/jaxb-core/4.0.5/jaxb-core-4.0.5.jar:/home/luis/.m2/repository/org/eclipse/angus/angus-activation/2.0.2/angus-activation-2.0.2.jar:/home/luis/.m2/repository/org/glassfish/jaxb/txw2/4.0.5/txw2-4.0.5.jar:/home/luis/.m2/repository/com/sun/istack/istack-commons-runtime/4.1.2/istack-commons-runtime-4.1.2.jar:/home/luis/.m2/repository/jakarta/inject/jakarta.inject-api/2.0.1/jakarta.inject-api-2.0.1.jar:/home/luis/.m2/repository/org/antlr/antlr4-runtime/4.13.0/antlr4-runtime-4.13.0.jar:/home/luis/.m2/repository/org/springframework/data/spring-data-jpa/3.3.3/spring-data-jpa-3.3.3.jar:/home/luis/.m2/repository/org/springframework/data/spring-data-commons/3.3.3/spring-data-commons-3.3.3.jar:/home/luis/.m2/repository/org/springframework/spring-orm/6.1.12/spring-orm-6.1.12.jar:/home/luis/.m2/repository/org/springframework/spring-tx/6.1.12/spring-tx-6.1.12.jar:/home/luis/.m2/repository/org/slf4j/slf4j-api/2.0.16/slf4j-api-2.0.16.jar:/home/luis/.m2/repository/org/springframework/spring-aspects/6.1.12/spring-aspects-6.1.12.jar:/home/luis/.m2/repository/com/mysql/mysql-connector-j/9.1.0/mysql-connector-j-9.1.0.jar:/home/luis/.m2/repository/org/projectlombok/lombok/1.18.34/lombok-1.18.34.jar:/home/luis/.m2/repository/org/springframework/boot/spring-boot-starter-test/3.3.3/spring-boot-starter-test-3.3.3.jar:/home/luis/.m2/repository/org/springframework/boot/spring-boot-test/3.3.3/spring-boot-test-3.3.3.jar:/home/luis/.m2/repository/org/springframework/boot/spring-boot-test-autoconfigure/3.3.3/spring-boot-test-autoconfigure-3.3.3.jar:/home/luis/.m2/repository/com/jayway/jsonpath/json-path/2.9.0/json-path-2.9.0.jar:/home/luis/.m2/repository/jakarta/xml/bind/jakarta.xml.bind-api/4.0.2/jakarta.xml.bind-api-4.0.2.jar:/home/luis/.m2/repository/jakarta/activation/jakarta.activation-api/2.1.3/jakarta.activation-api-2.1.3.jar:/home/luis/.m2/repository/net/minidev/json-smart/2.5.1/json-smart-2.5.1.jar:/home/luis/.m2/repository/net/minidev/accessors-smart/2.5.1/accessors-smart-2.5.1.jar:/home/luis/.m2/repository/org/ow2/asm/asm/9.6/asm-9.6.jar:/home/luis/.m2/repository/org/assertj/assertj-core/3.25.3/assertj-core-3.25.3.jar:/home/luis/.m2/repository/org/awaitility/awaitility/4.2.2/awaitility-4.2.2.jar:/home/luis/.m2/repository/org/hamcrest/hamcrest/2.2/hamcrest-2.2.jar:/home/luis/.m2/repository/org/junit/jupiter/junit-jupiter/5.10.3/junit-jupiter-5.10.3.jar:/home/luis/.m2/repository/org/junit/jupiter/junit-jupiter-api/5.10.3/junit-jupiter-api-5.10.3.jar:/home/luis/.m2/repository/org/opentest4j/opentest4j/1.3.0/opentest4j-1.3.0.jar:/home/luis/.m2/repository/org/junit/platform/junit-platform-commons/1.10.3/junit-platform-commons-1.10.3.jar:/home/luis/.m2/repository/org/apiguardian/apiguardian-api/1.1.2/apiguardian-api-1.1.2.jar:/home/luis/.m2/repository/org/junit/jupiter/junit-jupiter-params/5.10.3/junit-jupiter-params-5.10.3.jar:/home/luis/.m2/repository/org/junit/jupiter/junit-jupiter-engine/5.10.3/junit-jupiter-engine-5.10.3.jar:/home/luis/.m2/repository/org/junit/platform/junit-platform-engine/1.10.3/junit-platform-engine-1.10.3.jar:/home/luis/.m2/repository/org/mockito/mockito-core/5.11.0/mockito-core-5.11.0.jar:/home/luis/.m2/repository/net/bytebuddy/byte-buddy-agent/1.14.19/byte-buddy-agent-1.14.19.jar:/home/luis/.m2/repository/org/objenesis/objenesis/3.3/objenesis-3.3.jar:/home/luis/.m2/repository/org/mockito/mockito-junit-jupiter/5.11.0/mockito-junit-jupiter-5.11.0.jar:/home/luis/.m2/repository/org/skyscreamer/jsonassert/1.5.3/jsonassert-1.5.3.jar:/home/luis/.m2/repository/com/vaadin/external/google/android-json/0.0.20131108.vaadin1/android-json-0.0.20131108.vaadin1.jar:/home/luis/.m2/repository/org/springframework/spring-core/6.1.12/spring-core-6.1.12.jar:/home/luis/.m2/repository/org/springframework/spring-jcl/6.1.12/spring-jcl-6.1.12.jar:/home/luis/.m2/repository/org/springframework/spring-test/6.1.12/spring-test-6.1.12.jar:/home/luis/.m2/repository/org/xmlunit/xmlunit-core/2.9.1/xmlunit-core-2.9.1.jar:/home/luis/.m2/repository/org/apache/camel/camel-test-spring-junit5/4.8.0/camel-test-spring-junit5-4.8.0.jar:/home/luis/.m2/repository/org/apache/camel/camel-test-junit5/4.8.0/camel-test-junit5-4.8.0.jar:/home/luis/.m2/repository/org/apache/camel/camel-core-languages/4.8.0/camel-core-languages-4.8.0.jar:/home/luis/.m2/repository/org/apache/camel/camel-spring-xml/4.8.0/camel-spring-xml-4.8.0.jar:/home/luis/.m2/repository/org/apache/camel/camel-xml-jaxb/4.8.0/camel-xml-jaxb-4.8.0.jar:/home/luis/.m2/repository/org/apache/camel/camel-core-xml/4.8.0/camel-core-xml-4.8.0.jar:"/>
    <property name="java.vm.vendor" value="Ubuntu"/>
    <property name="sun.arch.data.model" value="64"/>
    <property name="java.vendor.url" value="https://ubuntu.com/"/>
    <property name="user.timezone" value="America/Bogota"/>
    <property name="org.jboss.logging.provider" value="slf4j"/>
    <property name="os.name" value="Linux"/>
    <property name="java.vm.specification.version" value="17"/>
    <property name="sun.java.launcher" value="SUN_STANDARD"/>
    <property name="user.country" value="US"/>
    <property name="sun.boot.library.path" value="/usr/lib/jvm/java-17-openjdk-amd64/lib"/>
    <property name="sun.java.command" value="/home/luis/Development/Apache Camel/FormadoresIT/spring-boot-camel-jpa/target/surefire/surefirebooter8566227036755905883.jar /home/luis/Development/Apache Camel/FormadoresIT/spring-boot-camel-jpa/target/surefire 2024-10-17T21-13-55_802-jvmRun1 surefire3287282654591719382tmp surefire_015615637225859965178tmp"/>
    <property name="jdk.debug" value="release"/>
    <property name="surefire.test.class.path" value="/home/luis/Development/Apache Camel/FormadoresIT/spring-boot-camel-jpa/target/test-classes:/home/luis/Development/Apache Camel/FormadoresIT/spring-boot-camel-jpa/target/classes:/home/luis/.m2/repository/org/springframework/boot/spring-boot-starter-web/3.3.3/spring-boot-starter-web-3.3.3.jar:/home/luis/.m2/repository/org/springframework/boot/spring-boot-starter/3.3.3/spring-boot-starter-3.3.3.jar:/home/luis/.m2/repository/org/springframework/boot/spring-boot/3.3.3/spring-boot-3.3.3.jar:/home/luis/.m2/repository/org/springframework/boot/spring-boot-autoconfigure/3.3.3/spring-boot-autoconfigure-3.3.3.jar:/home/luis/.m2/repository/org/springframework/boot/spring-boot-starter-logging/3.3.3/spring-boot-starter-logging-3.3.3.jar:/home/luis/.m2/repository/ch/qos/logback/logback-classic/1.5.7/logback-classic-1.5.7.jar:/home/luis/.m2/repository/ch/qos/logback/logback-core/1.5.7/logback-core-1.5.7.jar:/home/luis/.m2/repository/org/apache/logging/log4j/log4j-to-slf4j/2.23.1/log4j-to-slf4j-2.23.1.jar:/home/luis/.m2/repository/org/apache/logging/log4j/log4j-api/2.23.1/log4j-api-2.23.1.jar:/home/luis/.m2/repository/org/slf4j/jul-to-slf4j/2.0.16/jul-to-slf4j-2.0.16.jar:/home/luis/.m2/repository/jakarta/annotation/jakarta.annotation-api/2.1.1/jakarta.annotation-api-2.1.1.jar:/home/luis/.m2/repository/org/yaml/snakeyaml/2.2/snakeyaml-2.2.jar:/home/luis/.m2/repository/org/springframework/boot/spring-boot-starter-json/3.3.3/spring-boot-starter-json-3.3.3.jar:/home/luis/.m2/repository/com/fasterxml/jackson/core/jackson-databind/2.17.2/jackson-databind-2.17.2.jar:/home/luis/.m2/repository/com/fasterxml/jackson/core/jackson-annotations/2.17.2/jackson-annotations-2.17.2.jar:/home/luis/.m2/repository/com/fasterxml/jackson/core/jackson-core/2.17.2/jackson-core-2.17.2.jar:/home/luis/.m2/repository/com/fasterxml/jackson/datatype/jackson-datatype-jdk8/2.17.2/jackson-datatype-jdk8-2.17.2.jar:/home/luis/.m2/repository/com/fasterxml/jackson/datatype/jackson-datatype-jsr310/2.17.2/jackson-datatype-jsr310-2.17.2.jar:/home/luis/.m2/repository/com/fasterxml/jackson/module/jackson-module-parameter-names/2.17.2/jackson-module-parameter-names-2.17.2.jar:/home/luis/.m2/repository/org/springframework/spring-web/6.1.12/spring-web-6.1.12.jar:/home/luis/.m2/repository/org/springframework/spring-beans/6.1.12/spring-beans-6.1.12.jar:/home/luis/.m2/repository/org/springframework/spring-webmvc/6.1.12/spring-webmvc-6.1.12.jar:/home/luis/.m2/repository/org/springframework/spring-aop/6.1.12/spring-aop-6.1.12.jar:/home/luis/.m2/repository/org/springframework/spring-context/6.1.12/spring-context-6.1.12.jar:/home/luis/.m2/repository/org/springframework/spring-expression/6.1.12/spring-expression-6.1.12.jar:/home/luis/.m2/repository/org/springframework/boot/spring-boot-starter-undertow/3.3.3/spring-boot-starter-undertow-3.3.3.jar:/home/luis/.m2/repository/io/undertow/undertow-core/2.3.13.Final/undertow-core-2.3.13.Final.jar:/home/luis/.m2/repository/org/jboss/logging/jboss-logging/3.5.3.Final/jboss-logging-3.5.3.Final.jar:/home/luis/.m2/repository/org/jboss/xnio/xnio-api/3.8.8.Final/xnio-api-3.8.8.Final.jar:/home/luis/.m2/repository/org/wildfly/common/wildfly-common/1.5.4.Final/wildfly-common-1.5.4.Final.jar:/home/luis/.m2/repository/org/wildfly/client/wildfly-client-config/1.0.1.Final/wildfly-client-config-1.0.1.Final.jar:/home/luis/.m2/repository/org/jboss/xnio/xnio-nio/3.8.8.Final/xnio-nio-3.8.8.Final.jar:/home/luis/.m2/repository/org/jboss/threads/jboss-threads/3.5.0.Final/jboss-threads-3.5.0.Final.jar:/home/luis/.m2/repository/io/undertow/undertow-servlet/2.3.13.Final/undertow-servlet-2.3.13.Final.jar:/home/luis/.m2/repository/jakarta/servlet/jakarta.servlet-api/6.0.0/jakarta.servlet-api-6.0.0.jar:/home/luis/.m2/repository/io/undertow/undertow-websockets-jsr/2.3.13.Final/undertow-websockets-jsr-2.3.13.Final.jar:/home/luis/.m2/repository/jakarta/websocket/jakarta.websocket-api/2.1.1/jakarta.websocket-api-2.1.1.jar:/home/luis/.m2/repository/jakarta/websocket/jakarta.websocket-client-api/2.1.1/jakarta.websocket-client-api-2.1.1.jar:/home/luis/.m2/repository/org/apache/tomcat/embed/tomcat-embed-el/10.1.28/tomcat-embed-el-10.1.28.jar:/home/luis/.m2/repository/org/springframework/boot/spring-boot-starter-actuator/3.3.3/spring-boot-starter-actuator-3.3.3.jar:/home/luis/.m2/repository/org/springframework/boot/spring-boot-actuator-autoconfigure/3.3.3/spring-boot-actuator-autoconfigure-3.3.3.jar:/home/luis/.m2/repository/org/springframework/boot/spring-boot-actuator/3.3.3/spring-boot-actuator-3.3.3.jar:/home/luis/.m2/repository/io/micrometer/micrometer-observation/1.13.3/micrometer-observation-1.13.3.jar:/home/luis/.m2/repository/io/micrometer/micrometer-commons/1.13.3/micrometer-commons-1.13.3.jar:/home/luis/.m2/repository/io/micrometer/micrometer-jakarta9/1.13.3/micrometer-jakarta9-1.13.3.jar:/home/luis/.m2/repository/io/micrometer/micrometer-core/1.13.3/micrometer-core-1.13.3.jar:/home/luis/.m2/repository/org/hdrhistogram/HdrHistogram/2.2.2/HdrHistogram-2.2.2.jar:/home/luis/.m2/repository/org/latencyutils/LatencyUtils/2.0.3/LatencyUtils-2.0.3.jar:/home/luis/.m2/repository/org/apache/camel/springboot/camel-spring-boot-starter/4.8.0/camel-spring-boot-starter-4.8.0.jar:/home/luis/.m2/repository/org/apache/camel/springboot/camel-spring-boot/4.8.0/camel-spring-boot-4.8.0.jar:/home/luis/.m2/repository/org/apache/camel/camel-spring/4.8.0/camel-spring-4.8.0.jar:/home/luis/.m2/repository/org/apache/camel/camel-management-api/4.8.0/camel-management-api-4.8.0.jar:/home/luis/.m2/repository/org/apache/camel/camel-spring-main/4.8.0/camel-spring-main-4.8.0.jar:/home/luis/.m2/repository/org/apache/camel/camel-main/4.8.0/camel-main-4.8.0.jar:/home/luis/.m2/repository/org/apache/camel/camel-base/4.8.0/camel-base-4.8.0.jar:/home/luis/.m2/repository/org/apache/camel/camel-util-json/4.8.0/camel-util-json-4.8.0.jar:/home/luis/.m2/repository/org/apache/camel/camel-cloud/4.8.0/camel-cloud-4.8.0.jar:/home/luis/.m2/repository/org/apache/camel/camel-core-model/4.8.0/camel-core-model-4.8.0.jar:/home/luis/.m2/repository/org/apache/camel/camel-core-processor/4.8.0/camel-core-processor-4.8.0.jar:/home/luis/.m2/repository/org/apache/camel/camel-cluster/4.8.0/camel-cluster-4.8.0.jar:/home/luis/.m2/repository/org/apache/camel/camel-base-engine/4.8.0/camel-base-engine-4.8.0.jar:/home/luis/.m2/repository/org/apache/camel/camel-health/4.8.0/camel-health-4.8.0.jar:/home/luis/.m2/repository/org/apache/camel/springboot/camel-core-starter/4.8.0/camel-core-starter-4.8.0.jar:/home/luis/.m2/repository/org/apache/camel/camel-core-engine/4.8.0/camel-core-engine-4.8.0.jar:/home/luis/.m2/repository/org/apache/camel/camel-api/4.8.0/camel-api-4.8.0.jar:/home/luis/.m2/repository/org/apache/camel/camel-core-reifier/4.8.0/camel-core-reifier-4.8.0.jar:/home/luis/.m2/repository/org/apache/camel/camel-util/4.8.0/camel-util-4.8.0.jar:/home/luis/.m2/repository/org/apache/camel/springboot/camel-bean-starter/4.8.0/camel-bean-starter-4.8.0.jar:/home/luis/.m2/repository/org/apache/camel/camel-bean/4.8.0/camel-bean-4.8.0.jar:/home/luis/.m2/repository/org/apache/camel/springboot/camel-browse-starter/4.8.0/camel-browse-starter-4.8.0.jar:/home/luis/.m2/repository/org/apache/camel/camel-browse/4.8.0/camel-browse-4.8.0.jar:/home/luis/.m2/repository/org/apache/camel/springboot/camel-controlbus-starter/4.8.0/camel-controlbus-starter-4.8.0.jar:/home/luis/.m2/repository/org/apache/camel/camel-controlbus/4.8.0/camel-controlbus-4.8.0.jar:/home/luis/.m2/repository/org/apache/camel/springboot/camel-dataformat-starter/4.8.0/camel-dataformat-starter-4.8.0.jar:/home/luis/.m2/repository/org/apache/camel/camel-dataformat/4.8.0/camel-dataformat-4.8.0.jar:/home/luis/.m2/repository/org/apache/camel/springboot/camel-dataset-starter/4.8.0/camel-dataset-starter-4.8.0.jar:/home/luis/.m2/repository/org/apache/camel/camel-dataset/4.8.0/camel-dataset-4.8.0.jar:/home/luis/.m2/repository/org/apache/camel/springboot/camel-direct-starter/4.8.0/camel-direct-starter-4.8.0.jar:/home/luis/.m2/repository/org/apache/camel/camel-direct/4.8.0/camel-direct-4.8.0.jar:/home/luis/.m2/repository/org/apache/camel/springboot/camel-file-starter/4.8.0/camel-file-starter-4.8.0.jar:/home/luis/.m2/repository/org/apache/camel/camel-file/4.8.0/camel-file-4.8.0.jar:/home/luis/.m2/repository/commons-codec/commons-codec/1.16.1/commons-codec-1.16.1.jar:/home/luis/.m2/repository/org/apache/camel/springboot/camel-language-starter/4.8.0/camel-language-starter-4.8.0.jar:/home/luis/.m2/repository/org/apache/camel/camel-language/4.8.0/camel-language-4.8.0.jar:/home/luis/.m2/repository/org/apache/camel/springboot/camel-log-starter/4.8.0/camel-log-starter-4.8.0.jar:/home/luis/.m2/repository/org/apache/camel/camel-log/4.8.0/camel-log-4.8.0.jar:/home/luis/.m2/repository/org/apache/camel/springboot/camel-mock-starter/4.8.0/camel-mock-starter-4.8.0.jar:/home/luis/.m2/repository/org/apache/camel/camel-mock/4.8.0/camel-mock-4.8.0.jar:/home/luis/.m2/repository/org/apache/camel/springboot/camel-ref-starter/4.8.0/camel-ref-starter-4.8.0.jar:/home/luis/.m2/repository/org/apache/camel/camel-ref/4.8.0/camel-ref-4.8.0.jar:/home/luis/.m2/repository/org/apache/camel/springboot/camel-rest-starter/4.8.0/camel-rest-starter-4.8.0.jar:/home/luis/.m2/repository/org/apache/camel/camel-rest/4.8.0/camel-rest-4.8.0.jar:/home/luis/.m2/repository/org/apache/camel/camel-tooling-model/4.8.0/camel-tooling-model-4.8.0.jar:/home/luis/.m2/repository/org/apache/camel/springboot/camel-saga-starter/4.8.0/camel-saga-starter-4.8.0.jar:/home/luis/.m2/repository/org/apache/camel/camel-saga/4.8.0/camel-saga-4.8.0.jar:/home/luis/.m2/repository/org/apache/camel/springboot/camel-scheduler-starter/4.8.0/camel-scheduler-starter-4.8.0.jar:/home/luis/.m2/repository/org/apache/camel/camel-scheduler/4.8.0/camel-scheduler-4.8.0.jar:/home/luis/.m2/repository/org/apache/camel/springboot/camel-seda-starter/4.8.0/camel-seda-starter-4.8.0.jar:/home/luis/.m2/repository/org/apache/camel/camel-seda/4.8.0/camel-seda-4.8.0.jar:/home/luis/.m2/repository/org/apache/camel/springboot/camel-stub-starter/4.8.0/camel-stub-starter-4.8.0.jar:/home/luis/.m2/repository/org/apache/camel/camel-stub/4.8.0/camel-stub-4.8.0.jar:/home/luis/.m2/repository/org/apache/camel/springboot/camel-timer-starter/4.8.0/camel-timer-starter-4.8.0.jar:/home/luis/.m2/repository/org/apache/camel/camel-timer/4.8.0/camel-timer-4.8.0.jar:/home/luis/.m2/repository/org/apache/camel/springboot/camel-validator-starter/4.8.0/camel-validator-starter-4.8.0.jar:/home/luis/.m2/repository/org/apache/camel/camel-validator/4.8.0/camel-validator-4.8.0.jar:/home/luis/.m2/repository/org/apache/camel/springboot/camel-xpath-starter/4.8.0/camel-xpath-starter-4.8.0.jar:/home/luis/.m2/repository/org/apache/camel/camel-xpath/4.8.0/camel-xpath-4.8.0.jar:/home/luis/.m2/repository/org/apache/camel/springboot/camel-xslt-starter/4.8.0/camel-xslt-starter-4.8.0.jar:/home/luis/.m2/repository/org/apache/camel/camel-xslt/4.8.0/camel-xslt-4.8.0.jar:/home/luis/.m2/repository/org/apache/camel/springboot/camel-xml-jaxp-starter/4.8.0/camel-xml-jaxp-starter-4.8.0.jar:/home/luis/.m2/repository/org/apache/camel/camel-xml-jaxp/4.8.0/camel-xml-jaxp-4.8.0.jar:/home/luis/.m2/repository/org/apache/camel/camel-xml-jaxp-util/4.8.0/camel-xml-jaxp-util-4.8.0.jar:/home/luis/.m2/repository/org/apache/camel/camel-xml-io-util/4.8.0/camel-xml-io-util-4.8.0.jar:/home/luis/.m2/repository/org/apache/camel/springboot/camel-stream-starter/4.8.0/camel-stream-starter-4.8.0.jar:/home/luis/.m2/repository/org/apache/camel/camel-stream/4.8.0/camel-stream-4.8.0.jar:/home/luis/.m2/repository/org/apache/camel/camel-support/4.8.0/camel-support-4.8.0.jar:/home/luis/.m2/repository/org/springframework/boot/spring-boot-starter-data-jpa/3.3.3/spring-boot-starter-data-jpa-3.3.3.jar:/home/luis/.m2/repository/org/springframework/boot/spring-boot-starter-aop/3.3.3/spring-boot-starter-aop-3.3.3.jar:/home/luis/.m2/repository/org/aspectj/aspectjweaver/1.9.22.1/aspectjweaver-1.9.22.1.jar:/home/luis/.m2/repository/org/springframework/boot/spring-boot-starter-jdbc/3.3.3/spring-boot-starter-jdbc-3.3.3.jar:/home/luis/.m2/repository/com/zaxxer/HikariCP/5.1.0/HikariCP-5.1.0.jar:/home/luis/.m2/repository/org/springframework/spring-jdbc/6.1.12/spring-jdbc-6.1.12.jar:/home/luis/.m2/repository/org/hibernate/orm/hibernate-core/6.5.2.Final/hibernate-core-6.5.2.Final.jar:/home/luis/.m2/repository/jakarta/persistence/jakarta.persistence-api/3.1.0/jakarta.persistence-api-3.1.0.jar:/home/luis/.m2/repository/jakarta/transaction/jakarta.transaction-api/2.0.1/jakarta.transaction-api-2.0.1.jar:/home/luis/.m2/repository/org/hibernate/common/hibernate-commons-annotations/6.0.6.Final/hibernate-commons-annotations-6.0.6.Final.jar:/home/luis/.m2/repository/io/smallrye/jandex/3.1.2/jandex-3.1.2.jar:/home/luis/.m2/repository/com/fasterxml/classmate/1.7.0/classmate-1.7.0.jar:/home/luis/.m2/repository/net/bytebuddy/byte-buddy/1.14.19/byte-buddy-1.14.19.jar:/home/luis/.m2/repository/org/glassfish/jaxb/jaxb-runtime/4.0.5/jaxb-runtime-4.0.5.jar:/home/luis/.m2/repository/org/glassfish/jaxb/jaxb-core/4.0.5/jaxb-core-4.0.5.jar:/home/luis/.m2/repository/org/eclipse/angus/angus-activation/2.0.2/angus-activation-2.0.2.jar:/home/luis/.m2/repository/org/glassfish/jaxb/txw2/4.0.5/txw2-4.0.5.jar:/home/luis/.m2/repository/com/sun/istack/istack-commons-runtime/4.1.2/istack-commons-runtime-4.1.2.jar:/home/luis/.m2/repository/jakarta/inject/jakarta.inject-api/2.0.1/jakarta.inject-api-2.0.1.jar:/home/luis/.m2/repository/org/antlr/antlr4-runtime/4.13.0/antlr4-runtime-4.13.0.jar:/home/luis/.m2/repository/org/springframework/data/spring-data-jpa/3.3.3/spring-data-jpa-3.3.3.jar:/home/luis/.m2/repository/org/springframework/data/spring-data-commons/3.3.3/spring-data-commons-3.3.3.jar:/home/luis/.m2/repository/org/springframework/spring-orm/6.1.12/spring-orm-6.1.12.jar:/home/luis/.m2/repository/org/springframework/spring-tx/6.1.12/spring-tx-6.1.12.jar:/home/luis/.m2/repository/org/slf4j/slf4j-api/2.0.16/slf4j-api-2.0.16.jar:/home/luis/.m2/repository/org/springframework/spring-aspects/6.1.12/spring-aspects-6.1.12.jar:/home/luis/.m2/repository/com/mysql/mysql-connector-j/9.1.0/mysql-connector-j-9.1.0.jar:/home/luis/.m2/repository/org/projectlombok/lombok/1.18.34/lombok-1.18.34.jar:/home/luis/.m2/repository/org/springframework/boot/spring-boot-starter-test/3.3.3/spring-boot-starter-test-3.3.3.jar:/home/luis/.m2/repository/org/springframework/boot/spring-boot-test/3.3.3/spring-boot-test-3.3.3.jar:/home/luis/.m2/repository/org/springframework/boot/spring-boot-test-autoconfigure/3.3.3/spring-boot-test-autoconfigure-3.3.3.jar:/home/luis/.m2/repository/com/jayway/jsonpath/json-path/2.9.0/json-path-2.9.0.jar:/home/luis/.m2/repository/jakarta/xml/bind/jakarta.xml.bind-api/4.0.2/jakarta.xml.bind-api-4.0.2.jar:/home/luis/.m2/repository/jakarta/activation/jakarta.activation-api/2.1.3/jakarta.activation-api-2.1.3.jar:/home/luis/.m2/repository/net/minidev/json-smart/2.5.1/json-smart-2.5.1.jar:/home/luis/.m2/repository/net/minidev/accessors-smart/2.5.1/accessors-smart-2.5.1.jar:/home/luis/.m2/repository/org/ow2/asm/asm/9.6/asm-9.6.jar:/home/luis/.m2/repository/org/assertj/assertj-core/3.25.3/assertj-core-3.25.3.jar:/home/luis/.m2/repository/org/awaitility/awaitility/4.2.2/awaitility-4.2.2.jar:/home/luis/.m2/repository/org/hamcrest/hamcrest/2.2/hamcrest-2.2.jar:/home/luis/.m2/repository/org/junit/jupiter/junit-jupiter/5.10.3/junit-jupiter-5.10.3.jar:/home/luis/.m2/repository/org/junit/jupiter/junit-jupiter-api/5.10.3/junit-jupiter-api-5.10.3.jar:/home/luis/.m2/repository/org/opentest4j/opentest4j/1.3.0/opentest4j-1.3.0.jar:/home/luis/.m2/repository/org/junit/platform/junit-platform-commons/1.10.3/junit-platform-commons-1.10.3.jar:/home/luis/.m2/repository/org/apiguardian/apiguardian-api/1.1.2/apiguardian-api-1.1.2.jar:/home/luis/.m2/repository/org/junit/jupiter/junit-jupiter-params/5.10.3/junit-jupiter-params-5.10.3.jar:/home/luis/.m2/repository/org/junit/jupiter/junit-jupiter-engine/5.10.3/junit-jupiter-engine-5.10.3.jar:/home/luis/.m2/repository/org/junit/platform/junit-platform-engine/1.10.3/junit-platform-engine-1.10.3.jar:/home/luis/.m2/repository/org/mockito/mockito-core/5.11.0/mockito-core-5.11.0.jar:/home/luis/.m2/repository/net/bytebuddy/byte-buddy-agent/1.14.19/byte-buddy-agent-1.14.19.jar:/home/luis/.m2/repository/org/objenesis/objenesis/3.3/objenesis-3.3.jar:/home/luis/.m2/repository/org/mockito/mockito-junit-jupiter/5.11.0/mockito-junit-jupiter-5.11.0.jar:/home/luis/.m2/repository/org/skyscreamer/jsonassert/1.5.3/jsonassert-1.5.3.jar:/home/luis/.m2/repository/com/vaadin/external/google/android-json/0.0.20131108.vaadin1/android-json-0.0.20131108.vaadin1.jar:/home/luis/.m2/repository/org/springframework/spring-core/6.1.12/spring-core-6.1.12.jar:/home/luis/.m2/repository/org/springframework/spring-jcl/6.1.12/spring-jcl-6.1.12.jar:/home/luis/.m2/repository/org/springframework/spring-test/6.1.12/spring-test-6.1.12.jar:/home/luis/.m2/repository/org/xmlunit/xmlunit-core/2.9.1/xmlunit-core-2.9.1.jar:/home/luis/.m2/repository/org/apache/camel/camel-test-spring-junit5/4.8.0/camel-test-spring-junit5-4.8.0.jar:/home/luis/.m2/repository/org/apache/camel/camel-test-junit5/4.8.0/camel-test-junit5-4.8.0.jar:/home/luis/.m2/repository/org/apache/camel/camel-core-languages/4.8.0/camel-core-languages-4.8.0.jar:/home/luis/.m2/repository/org/apache/camel/camel-spring-xml/4.8.0/camel-spring-xml-4.8.0.jar:/home/luis/.m2/repository/org/apache/camel/camel-xml-jaxb/4.8.0/camel-xml-jaxb-4.8.0.jar:/home/luis/.m2/repository/org/apache/camel/camel-core-xml/4.8.0/camel-core-xml-4.8.0.jar:"/>
    <property name="sun.cpu.endian" value="little"/>
    <property name="user.home" value="/home/luis"/>
    <property name="user.language" value="en"/>
    <property name="java.specification.vendor" value="Oracle Corporation"/>
    <property name="java.version.date" value="2024-07-16"/>
    <property name="java.home" value="/usr/lib/jvm/java-17-openjdk-amd64"/>
    <property name="file.separator" value="/"/>
    <property name="basedir" value="/home/luis/Development/Apache Camel/FormadoresIT/spring-boot-camel-jpa"/>
    <property name="java.vm.compressedOopsMode" value="Zero based"/>
    <property name="line.separator" value="&#10;"/>
    <property name="java.specification.name" value="Java Platform API Specification"/>
    <property name="java.vm.specification.vendor" value="Oracle Corporation"/>
    <property name="FILE_LOG_CHARSET" value="UTF-8"/>
    <property name="java.awt.headless" value="true"/>
    <property name="surefire.real.class.path" value="/home/luis/Development/Apache Camel/FormadoresIT/spring-boot-camel-jpa/target/surefire/surefirebooter8566227036755905883.jar"/>
    <property name="sun.management.compiler" value="HotSpot 64-Bit Tiered Compilers"/>
    <property name="java.runtime.version" value="17.0.12+7-Ubuntu-1ubuntu222.04"/>
    <property name="user.name" value="luis"/>
    <property name="path.separator" value=":"/>
    <property name="os.version" value="6.8.0-45-generic"/>
    <property name="java.runtime.name" value="OpenJDK Runtime Environment"/>
    <property name="file.encoding" value="UTF-8"/>
    <property name="java.vm.name" value="OpenJDK 64-Bit Server VM"/>
    <property name="localRepository" value="/home/luis/.m2/repository"/>
    <property name="java.vendor.url.bug" value="https://bugs.launchpad.net/ubuntu/+source/openjdk-17"/>
    <property name="java.io.tmpdir" value="/tmp"/>
    <property name="idea.version" value="2024.2.3"/>
    <property name="com.zaxxer.hikari.pool_number" value="1"/>
    <property name="java.version" value="17.0.12"/>
    <property name="user.dir" value="/home/luis/Development/Apache Camel/FormadoresIT/spring-boot-camel-jpa"/>
    <property name="os.arch" value="amd64"/>
    <property name="java.vm.specification.name" value="Java Virtual Machine Specification"/>
    <property name="PID" value="377930"/>
    <property name="CONSOLE_LOG_CHARSET" value="UTF-8"/>
    <property name="native.encoding" value="UTF-8"/>
    <property name="java.library.path" value="/usr/java/packages/lib:/usr/lib/x86_64-linux-gnu/jni:/lib/x86_64-linux-gnu:/usr/lib/x86_64-linux-gnu:/usr/lib/jni:/lib:/usr/lib"/>
    <property name="java.vm.info" value="mixed mode, sharing"/>
    <property name="java.vendor" value="Ubuntu"/>
    <property name="java.vm.version" value="17.0.12+7-Ubuntu-1ubuntu222.04"/>
    <property name="sun.io.unicode.encoding" value="UnicodeLittle"/>
    <property name="java.class.version" value="61.0"/>
  </properties>
  <testcase name="test" classname="com.formadoresit.camel.MySpringBootApplicationTest" time="12.497">
    <failure type="java.lang.AssertionError"><![CDATA[java.lang.AssertionError: mock://stream:out Received message count. Expected: <1> but was: <0>
	at com.formadoresit.camel.MySpringBootApplicationTest.test(MySpringBootApplicationTest.java:45)
]]></failure>
    <system-out><![CDATA[21:13:56.887 [main] INFO org.springframework.test.context.support.AnnotationConfigContextLoaderUtils -- Could not detect default configuration classes for test class [com.formadoresit.camel.MySpringBootApplicationTest]: MySpringBootApplicationTest does not declare any static, non-private, non-final, nested classes annotated with @Configuration.
21:13:57.005 [main] INFO org.springframework.boot.test.context.SpringBootTestContextBootstrapper -- Found @SpringBootConfiguration com.formadoresit.camel.MySpringBootApplication for test class com.formadoresit.camel.MySpringBootApplicationTest
21:13:57.132 [main] INFO org.apache.camel.test.spring.junit5.CamelSpringBootExecutionListener -- CamelSpringBootExecutionListener preparing: class com.formadoresit.camel.MySpringBootApplicationTest
21:13:57.137 [main] INFO org.apache.camel.test.spring.junit5.CamelAnnotationsHandler -- Disabling Camel JMX globally for tests by default. Use the DisableJMX annotation to override the default setting.

  .   ____          _            __ _ _
 /\\ / ___'_ __ _ _(_)_ __  __ _ \ \ \ \
( ( )\___ | '_ | '_| | '_ \/ _` | \ \ \ \
 \\/  ___)| |_)| | | | | || (_| |  ) ) ) )
  '  |____| .__|_| |_|_| |_\__, | / / / /
 =========|_|==============|___/=/_/_/_/

 :: Spring Boot ::                (v3.3.3)

2024-10-17T21:13:57.448-05:00  INFO 377930 --- [           main] c.f.camel.MySpringBootApplicationTest    : Starting MySpringBootApplicationTest using Java 17.0.12 with PID 377930 (started by luis in /home/luis/Development/Apache Camel/FormadoresIT/spring-boot-camel-jpa)
2024-10-17T21:13:57.450-05:00  INFO 377930 --- [           main] c.f.camel.MySpringBootApplicationTest    : No active profile set, falling back to 1 default profile: "default"
2024-10-17T21:13:58.704-05:00  INFO 377930 --- [           main] .s.d.r.c.RepositoryConfigurationDelegate : Bootstrapping Spring Data JPA repositories in DEFAULT mode.
2024-10-17T21:13:58.756-05:00  INFO 377930 --- [           main] .s.d.r.c.RepositoryConfigurationDelegate : Finished Spring Data repository scanning in 44 ms. Found 1 JPA repository interface.
2024-10-17T21:13:59.563-05:00  INFO 377930 --- [           main] com.zaxxer.hikari.HikariDataSource       : HikariPool-1 - Starting...
2024-10-17T21:13:59.972-05:00  INFO 377930 --- [           main] com.zaxxer.hikari.pool.HikariPool        : HikariPool-1 - Added connection com.mysql.cj.jdbc.ConnectionImpl@563263a
2024-10-17T21:13:59.974-05:00  INFO 377930 --- [           main] com.zaxxer.hikari.HikariDataSource       : HikariPool-1 - Start completed.
2024-10-17T21:14:00.017-05:00  INFO 377930 --- [           main] o.hibernate.jpa.internal.util.LogHelper  : HHH000204: Processing PersistenceUnitInfo [name: default]
2024-10-17T21:14:00.066-05:00  INFO 377930 --- [           main] org.hibernate.Version                    : HHH000412: Hibernate ORM core version 6.5.2.Final
2024-10-17T21:14:00.105-05:00  INFO 377930 --- [           main] o.h.c.internal.RegionFactoryInitiator    : HHH000026: Second-level cache disabled
2024-10-17T21:14:00.461-05:00  INFO 377930 --- [           main] o.s.o.j.p.SpringPersistenceUnitInfo      : No LoadTimeWeaver setup: ignoring JPA class transformer
2024-10-17T21:14:01.363-05:00  INFO 377930 --- [           main] o.h.e.t.j.p.i.JtaPlatformInitiator       : HHH000489: No JTA platform available (set 'hibernate.transaction.jta.platform' to enable JTA platform integration)
2024-10-17T21:14:01.366-05:00  INFO 377930 --- [           main] j.LocalContainerEntityManagerFactoryBean : Initialized JPA EntityManagerFactory for persistence unit 'default'
2024-10-17T21:14:02.236-05:00  WARN 377930 --- [           main] JpaBaseConfiguration$JpaWebConfiguration : spring.jpa.open-in-view is enabled by default. Therefore, database queries may be performed during view rendering. Explicitly configure spring.jpa.open-in-view to disable this warning
2024-10-17T21:14:03.362-05:00  INFO 377930 --- [           main] o.s.b.a.e.web.EndpointLinksResolver      : Exposing 3 endpoints beneath base path '/actuator'
2024-10-17T21:14:03.531-05:00  INFO 377930 --- [           main] c.f.camel.MySpringBootApplicationTest    : Started MySpringBootApplicationTest in 6.36 seconds (process running for 7.355)
2024-10-17T21:14:03.538-05:00  INFO 377930 --- [           main] o.a.c.t.s.j.CamelAnnotationsHandler      : Setting shutdown timeout to [10 SECONDS] on CamelContext with name [camelContext].
2024-10-17T21:14:03.580-05:00  INFO 377930 --- [           main] c.t.s.j.CamelSpringBootExecutionListener : CamelSpringBootExecutionListener before: class com.formadoresit.camel.MySpringBootApplicationTest.test
2024-10-17T21:14:03.581-05:00  INFO 377930 --- [           main] c.t.s.j.CamelSpringBootExecutionListener : Initialized CamelSpringBootExecutionListener now ready to start CamelContext
2024-10-17T21:14:03.582-05:00  INFO 377930 --- [           main] o.a.c.t.s.j.CamelAnnotationsHandler      : Starting CamelContext with name [camelContext].
2024-10-17T21:14:03.754-05:00  INFO 377930 --- [           main] o.a.c.impl.engine.AbstractCamelContext   : Apache Camel 4.8.0 (MyCamel) is starting
2024-10-17T21:14:03.763-05:00  INFO 377930 --- [           main] o.a.c.impl.engine.AbstractCamelContext   : Routes startup (total:1)
2024-10-17T21:14:03.763-05:00  INFO 377930 --- [           main] o.a.c.impl.engine.AbstractCamelContext   :     Started hello (timer://hello)
2024-10-17T21:14:03.763-05:00  INFO 377930 --- [           main] o.a.c.impl.engine.AbstractCamelContext   : Apache Camel 4.8.0 (MyCamel) started in 8ms (build:0ms init:0ms start:8ms)
Hibernate: select u1_0.id,u1_0.created_at,u1_0.email,u1_0.name from user u1_0
2024-10-17T21:14:04.998-05:00  INFO 377930 --- [ - ShutdownTask] o.a.c.i.engine.DefaultShutdownStrategy   : Waiting as there are still 1 inflight and pending exchanges to complete, timeout in 10 seconds. Inflights per route: [hello = 1]
2024-10-17T21:14:05.003-05:00  INFO 377930 --- [- timer://hello] c.formadoresit.camel.routes.UsersRoutes  : Total users found 2
2024-10-17T21:14:05.005-05:00  INFO 377930 --- [- timer://hello] hello                                    : null
2024-10-17T21:14:06.001-05:00  INFO 377930 --- [           main] o.a.c.impl.engine.AbstractCamelContext   : Stopped hello (timer://hello)
2024-10-17T21:14:06.003-05:00  INFO 377930 --- [           main] o.a.c.impl.engine.AbstractCamelContext   : Shutdown hello (timer://hello)
2024-10-17T21:14:06.004-05:00  INFO 377930 --- [           main] o.apache.camel.builder.AdviceWithTasks   : AdviceWith replace input from [timer:hello?period={{timer.period}}] --> [direct:start]
2024-10-17T21:14:06.004-05:00  INFO 377930 --- [           main] org.apache.camel.builder.AdviceWith      : AdviceWith route after: Route(hello)[From[direct:start] -> [process[Processor@0x1766b7], Log[${body}]]]
2024-10-17T21:14:06.008-05:00  INFO 377930 --- [           main] org.apache.camel.builder.AdviceWith      : Adviced route before/after as XML:
<route xmlns="http://camel.apache.org/schema/spring" id="hello">
    <from id="from1" uri="timer:hello?period={{timer.period}}"/>
    <process id="process1"/>
    <log id="log1" message="${body}"/>
</route>

<route xmlns="http://camel.apache.org/schema/spring" id="hello">
    <from id="from1" uri="direct:start"/>
    <process id="process1"/>
    <log id="log1" message="${body}"/>
</route>
Hibernate: select u1_0.id,u1_0.created_at,u1_0.email,u1_0.name from user u1_0
2024-10-17T21:14:06.045-05:00  INFO 377930 --- [           main] c.formadoresit.camel.routes.UsersRoutes  : Total users found 2
2024-10-17T21:14:06.046-05:00  INFO 377930 --- [           main] hello                                    : null
2024-10-17T21:14:06.046-05:00  INFO 377930 --- [           main] o.a.camel.component.mock.MockEndpoint    : Asserting: mock://stream:out is satisfied
2024-10-17T21:14:16.047-05:00  WARN 377930 --- [           main] o.a.camel.component.mock.MockEndpoint    : The latch did not reach 0 within the specified time
2024-10-17T21:14:16.063-05:00  INFO 377930 --- [           main] c.f.camel.MySpringBootApplicationTest    : ********************************************************************************
2024-10-17T21:14:16.063-05:00  INFO 377930 --- [           main] c.f.camel.MySpringBootApplicationTest    : Testing done: test (com.formadoresit.camel.MySpringBootApplicationTest)
2024-10-17T21:14:16.064-05:00  INFO 377930 --- [           main] c.f.camel.MySpringBootApplicationTest    : Took: 12s297ms (12297 millis)
2024-10-17T21:14:16.064-05:00  INFO 377930 --- [           main] c.f.camel.MySpringBootApplicationTest    : ********************************************************************************
2024-10-17T21:14:16.064-05:00  INFO 377930 --- [           main] c.t.s.j.CamelSpringBootExecutionListener : CamelSpringBootExecutionListener after: class com.formadoresit.camel.MySpringBootApplicationTest.test
]]></system-out>
  </testcase>
</testsuite>